<?xml version="1.0" encoding="UTF-8"?>
<!-- Generated by org.testng.reporters.JUnitXMLReporter -->
<testsuite ignored="0" hostname="LAPTOP-33D8O45U" failures="0" tests="4" name="Surefire test" time="40.684" errors="0" timestamp="2023-07-28T14:28:29 IST">
  <testcase classname="practice.Test20" name="m11" time="6.143"/>
  <testcase classname="practice.Ttdsite" name="downloadBrowserDrivers" time="5.673"/>
  <testcase classname="practice.Ttdsite" name="LaunchBrowser" time="28.707"/>
  <testcase classname="practice.Ttdsite" name="getScrollinglMsg" time="0.12"/>
</testsuite> <!-- Surefire test -->
