<?xml version="1.0" encoding="UTF-8"?>
<!-- Generated by org.testng.reporters.JUnitXMLReporter -->
<testsuite ignored="0" hostname="LAPTOP-33D8O45U" failures="0" tests="9" name="Default test" time="104.396" errors="0" timestamp="2023-09-26T21:42:27 IST">
  <testcase classname="practice.Test158RegFormFillingByGetDataFrmPropertiesAndXLSXFiles" name="readPropertiesFile" time="0.009"/>
  <testcase classname="practice.Test158RegFormFillingByGetDataFrmPropertiesAndXLSXFiles" name="readXLSXFile" time="0.762"/>
  <testcase classname="practice.Test158RegFormFillingByGetDataFrmPropertiesAndXLSXFiles" name="openBrowser" time="2.441"/>
  <testcase classname="practice.Test158RegFormFillingByGetDataFrmPropertiesAndXLSXFiles" name="launchSite" time="36.49"/>
  <testcase classname="practice.Test158RegFormFillingByGetDataFrmPropertiesAndXLSXFiles" name="RegisterFormFill" time="64.068"/>
  <testcase classname="practice.Test158RegFormFillingByGetDataFrmPropertiesAndXLSXFiles" name="saveXLFile" time="0.226"/>
  <testcase classname="practice.Test158RegFormFillingByGetDataFrmPropertiesAndXLSXFiles" name="closeBrowser" time="0.26"/>
  <testcase classname="practice.Test158RegFormFillingByGetDataFrmPropertiesAndXLSXFiles" name="sentMai9" time="0.0"/>
  <testcase classname="practice.Test158RegFormFillingByGetDataFrmPropertiesAndXLSXFiles" name="zipresultFile" time="0.0"/>
</testsuite> <!-- Default test -->
