<?xml version="1.0" encoding="UTF-8"?>
<testng-results ignored="0" total="4" passed="4" failed="0" skipped="0">
  <reporter-output>
  </reporter-output>
  <suite started-at="2023-07-28T14:27:48 IST" name="Surefire suite" finished-at="2023-07-28T14:28:29 IST" duration-ms="40684">
    <groups>
    </groups>
    <test started-at="2023-07-28T14:27:48 IST" name="Surefire test" finished-at="2023-07-28T14:28:29 IST" duration-ms="40684">
      <class name="practice.Ttdsite">
        <test-method signature="downloadBrowserDrivers()[pri:1, instance:practice.Ttdsite@34f5090e]" started-at="2023-07-28T14:27:55 IST" name="downloadBrowserDrivers" finished-at="2023-07-28T14:28:00 IST" duration-ms="5673" status="PASS">
          <reporter-output>
          </reporter-output>
        </test-method> <!-- downloadBrowserDrivers -->
        <test-method signature="LaunchBrowser()[pri:2, instance:practice.Ttdsite@34f5090e]" started-at="2023-07-28T14:28:00 IST" name="LaunchBrowser" finished-at="2023-07-28T14:28:29 IST" duration-ms="28707" status="PASS">
          <reporter-output>
          </reporter-output>
        </test-method> <!-- LaunchBrowser -->
        <test-method signature="getScrollinglMsg()[pri:3, instance:practice.Ttdsite@34f5090e]" started-at="2023-07-28T14:28:29 IST" name="getScrollinglMsg" finished-at="2023-07-28T14:28:29 IST" duration-ms="120" status="PASS">
          <reporter-output>
          </reporter-output>
        </test-method> <!-- getScrollinglMsg -->
      </class> <!-- practice.Ttdsite -->
      <class name="practice.Test20">
        <test-method signature="m11()[pri:0, instance:practice.Test20@44821a96]" started-at="2023-07-28T14:27:48 IST" name="m11" finished-at="2023-07-28T14:27:55 IST" duration-ms="6143" status="PASS">
          <reporter-output>
          </reporter-output>
        </test-method> <!-- m11 -->
      </class> <!-- practice.Test20 -->
    </test> <!-- Surefire test -->
  </suite> <!-- Surefire suite -->
</testng-results>
