<?xml version="1.0" encoding="UTF-8"?>
<testng-results ignored="0" total="1" passed="1" failed="0" skipped="0">
  <reporter-output>
  </reporter-output>
  <suite started-at="2023-09-29T12:58:29 IST" name="Default suite" finished-at="2023-09-29T12:58:39 IST" duration-ms="9812">
    <groups>
    </groups>
    <test started-at="2023-09-29T12:58:29 IST" name="Default test" finished-at="2023-09-29T12:58:39 IST" duration-ms="9812">
      <class name="employePack.Test1">
        <test-method signature="launchBrowser()[pri:0, instance:employePack.Test1@673fdbce]" started-at="2023-09-29T12:58:29 IST" name="launchBrowser" finished-at="2023-09-29T12:58:39 IST" duration-ms="9782" status="PASS">
          <reporter-output>
          </reporter-output>
        </test-method> <!-- launchBrowser -->
      </class> <!-- employePack.Test1 -->
    </test> <!-- Default test -->
  </suite> <!-- Default suite -->
</testng-results>
