<?xml version="1.0" encoding="UTF-8"?>
<testng-results ignored="0" total="9" passed="9" failed="0" skipped="0">
  <reporter-output>
    <line>
      <![CDATA[Properties File loaded]]>
    </line>
    <line>
      <![CDATA[xl File loaded]]>
    </line>
    <line>
      <![CDATA[You are valid user]]>
    </line>
    <line>
      <![CDATA[You are valid user]]>
    </line>
    <line>
      <![CDATA[You are valid user]]>
    </line>
    <line>
      <![CDATA[You are valid user]]>
    </line>
    <line>
      <![CDATA[email sent to manager]]>
    </line>
    <line>
      <![CDATA[xl file zipped]]>
    </line>
  </reporter-output>
  <suite started-at="2023-09-26T21:40:42 IST" name="Default suite" finished-at="2023-09-26T21:42:27 IST" duration-ms="104396">
    <groups>
    </groups>
    <test started-at="2023-09-26T21:40:42 IST" name="Default test" finished-at="2023-09-26T21:42:27 IST" duration-ms="104396">
      <class name="practice.Test158RegFormFillingByGetDataFrmPropertiesAndXLSXFiles">
        <test-method signature="readPropertiesFile()[pri:1, instance:practice.Test158RegFormFillingByGetDataFrmPropertiesAndXLSXFiles@338fc1d8]" started-at="2023-09-26T21:40:42 IST" name="readPropertiesFile" finished-at="2023-09-26T21:40:42 IST" duration-ms="9" status="PASS">
          <reporter-output>
            <line>
              <![CDATA[Properties File loaded]]>
            </line>
          </reporter-output>
        </test-method> <!-- readPropertiesFile -->
        <test-method signature="readXLSXFile()[pri:2, instance:practice.Test158RegFormFillingByGetDataFrmPropertiesAndXLSXFiles@338fc1d8]" started-at="2023-09-26T21:40:42 IST" name="readXLSXFile" finished-at="2023-09-26T21:40:43 IST" duration-ms="762" status="PASS">
          <reporter-output>
            <line>
              <![CDATA[xl File loaded]]>
            </line>
          </reporter-output>
        </test-method> <!-- readXLSXFile -->
        <test-method signature="openBrowser()[pri:3, instance:practice.Test158RegFormFillingByGetDataFrmPropertiesAndXLSXFiles@338fc1d8]" started-at="2023-09-26T21:40:43 IST" name="openBrowser" finished-at="2023-09-26T21:40:46 IST" duration-ms="2441" status="PASS">
          <reporter-output>
          </reporter-output>
        </test-method> <!-- openBrowser -->
        <test-method signature="launchSite()[pri:4, instance:practice.Test158RegFormFillingByGetDataFrmPropertiesAndXLSXFiles@338fc1d8]" started-at="2023-09-26T21:40:46 IST" name="launchSite" finished-at="2023-09-26T21:41:22 IST" duration-ms="36490" status="PASS">
          <reporter-output>
          </reporter-output>
        </test-method> <!-- launchSite -->
        <test-method signature="RegisterFormFill()[pri:5, instance:practice.Test158RegFormFillingByGetDataFrmPropertiesAndXLSXFiles@338fc1d8]" started-at="2023-09-26T21:41:22 IST" name="RegisterFormFill" finished-at="2023-09-26T21:42:26 IST" duration-ms="64068" status="PASS">
          <reporter-output>
            <line>
              <![CDATA[You are valid user]]>
            </line>
            <line>
              <![CDATA[You are valid user]]>
            </line>
            <line>
              <![CDATA[You are valid user]]>
            </line>
            <line>
              <![CDATA[You are valid user]]>
            </line>
          </reporter-output>
        </test-method> <!-- RegisterFormFill -->
        <test-method signature="saveXLFile()[pri:6, instance:practice.Test158RegFormFillingByGetDataFrmPropertiesAndXLSXFiles@338fc1d8]" started-at="2023-09-26T21:42:26 IST" name="saveXLFile" finished-at="2023-09-26T21:42:26 IST" duration-ms="226" status="PASS">
          <reporter-output>
          </reporter-output>
        </test-method> <!-- saveXLFile -->
        <test-method signature="closeBrowser()[pri:7, instance:practice.Test158RegFormFillingByGetDataFrmPropertiesAndXLSXFiles@338fc1d8]" started-at="2023-09-26T21:42:26 IST" name="closeBrowser" finished-at="2023-09-26T21:42:27 IST" duration-ms="260" status="PASS">
          <reporter-output>
          </reporter-output>
        </test-method> <!-- closeBrowser -->
        <test-method signature="zipresultFile()[pri:8, instance:practice.Test158RegFormFillingByGetDataFrmPropertiesAndXLSXFiles@338fc1d8]" started-at="2023-09-26T21:42:27 IST" name="zipresultFile" finished-at="2023-09-26T21:42:27 IST" duration-ms="0" status="PASS">
          <reporter-output>
            <line>
              <![CDATA[xl file zipped]]>
            </line>
          </reporter-output>
        </test-method> <!-- zipresultFile -->
        <test-method signature="sentMai9()[pri:7, instance:practice.Test158RegFormFillingByGetDataFrmPropertiesAndXLSXFiles@338fc1d8]" started-at="2023-09-26T21:42:27 IST" name="sentMai9" finished-at="2023-09-26T21:42:27 IST" duration-ms="0" status="PASS">
          <reporter-output>
            <line>
              <![CDATA[email sent to manager]]>
            </line>
          </reporter-output>
        </test-method> <!-- sentMai9 -->
      </class> <!-- practice.Test158RegFormFillingByGetDataFrmPropertiesAndXLSXFiles -->
    </test> <!-- Default test -->
  </suite> <!-- Default suite -->
</testng-results>
